<?xml version="1.0" encoding="UTF-8"?>
<!-- Generated by org.testng.reporters.JUnitReportReporter -->
<testsuite hostname="E075438" name="br.com.cagece.prax.automatizacao.srv288.Srv288SubstituicaoHidrometroParaVerificacao" tests="1" failures="0" timestamp="19 Oct 2016 19:12:28 GMT" time="193.126" errors="0">
  <testcase name="executar" time="193.126" classname="br.com.cagece.prax.automatizacao.srv288.Srv288SubstituicaoHidrometroParaVerificacao"/>
</testsuite> <!-- br.com.cagece.prax.automatizacao.srv288.Srv288SubstituicaoHidrometroParaVerificacao -->
