<?xml version="1.0" encoding="UTF-8"?>
<!-- Generated by org.testng.reporters.JUnitReportReporter -->
<testsuite hostname="E075438" name="br.com.cagece.prax.automatizacao.srv075.Srv075ConsertoVazamentoRedePorImovelProcedente" tests="1" failures="0" timestamp="26 Oct 2016 12:32:04 GMT" time="108.204" errors="0">
  <testcase name="executar" time="108.204" classname="br.com.cagece.prax.automatizacao.srv075.Srv075ConsertoVazamentoRedePorImovelProcedente"/>
</testsuite> <!-- br.com.cagece.prax.automatizacao.srv075.Srv075ConsertoVazamentoRedePorImovelProcedente -->
