<?xml version="1.0" encoding="UTF-8"?>
<!-- Generated by org.testng.reporters.JUnitReportReporter -->
<testsuite hostname="E075438" name="br.com.cagece.prax.automatizacao.srv290.Srv290TransferenciaDebitoParcial" tests="1" failures="0" timestamp="7 Nov 2016 19:31:42 GMT" time="210.288" errors="0">
  <testcase name="executar" time="210.288" classname="br.com.cagece.prax.automatizacao.srv290.Srv290TransferenciaDebitoParcial"/>
</testsuite> <!-- br.com.cagece.prax.automatizacao.srv290.Srv290TransferenciaDebitoParcial -->
