<?xml version="1.0" encoding="UTF-8"?>
<!-- Generated by org.testng.reporters.JUnitReportReporter -->
<testsuite hostname="E075438" name="br.com.cagece.prax.automatizacao.srv290.Srv290TransferenciaDebitoTotal" tests="1" failures="0" timestamp="7 Nov 2016 19:37:19 GMT" time="139.675" errors="0">
  <testcase name="executar" time="139.675" classname="br.com.cagece.prax.automatizacao.srv290.Srv290TransferenciaDebitoTotal"/>
</testsuite> <!-- br.com.cagece.prax.automatizacao.srv290.Srv290TransferenciaDebitoTotal -->
