<?xml version="1.0" encoding="UTF-8"?>
<!-- Generated by org.testng.reporters.JUnitReportReporter -->
<testsuite hostname="E075438" name="br.com.cagece.prax.automatizacao.srv075.Srv075ConsertoVazamentoRedePorLogradouro" tests="1" failures="0" timestamp="26 Oct 2016 12:34:58 GMT" time="104.420" errors="0">
  <testcase name="executar" time="104.420" classname="br.com.cagece.prax.automatizacao.srv075.Srv075ConsertoVazamentoRedePorLogradouro"/>
</testsuite> <!-- br.com.cagece.prax.automatizacao.srv075.Srv075ConsertoVazamentoRedePorLogradouro -->
