<?xml version="1.0" encoding="UTF-8"?>
<!-- Generated by org.testng.reporters.JUnitReportReporter -->
<testsuite hostname="E075438" name="br.com.cagece.prax.automatizacao.srv074.Srv074ConsertoVazamentoLigacaoPredialImprocedente" tests="1" failures="0" timestamp="26 Oct 2016 12:30:00 GMT" time="109.139" errors="0">
  <testcase name="executar" time="109.139" classname="br.com.cagece.prax.automatizacao.srv074.Srv074ConsertoVazamentoLigacaoPredialImprocedente"/>
</testsuite> <!-- br.com.cagece.prax.automatizacao.srv074.Srv074ConsertoVazamentoLigacaoPredialImprocedente -->
