<?xml version="1.0" encoding="UTF-8"?>
<!-- Generated by org.testng.reporters.JUnitReportReporter -->
<testsuite hostname="E075438" name="br.com.cagece.prax.automatizacao.srv021.Srv021VerificacaoConsumoMedidoProcedente" tests="1" failures="0" timestamp="27 Oct 2016 19:51:03 GMT" time="237.620" errors="0">
  <testcase name="executar" time="237.620" classname="br.com.cagece.prax.automatizacao.srv021.Srv021VerificacaoConsumoMedidoProcedente"/>
</testsuite> <!-- br.com.cagece.prax.automatizacao.srv021.Srv021VerificacaoConsumoMedidoProcedente -->
